<?xml version="1.0" encoding="UTF-8"?>
<!-- Generated by org.testng.reporters.JUnitReportReporter -->
<testsuite hostname="Musharraf-Home-PC" failures="0" tests="2" name="qaclickacademy.AppiumTest" time="0.012" errors="0" timestamp="2021-06-06T13:38:36 EDT" skipped="0">
  <testcase classname="qaclickacademy.AppiumTest" name="NativeApps" time="0.002"/>
  <system-out/>
  <testcase classname="qaclickacademy.AppiumTest" name="IOSApps" time="0.010"/>
  <system-out/>
</testsuite> <!-- qaclickacademy.AppiumTest -->
