<?xml version="1.0" encoding="UTF-8"?>
<!-- Generated by org.testng.reporters.JUnitReportReporter -->
<testsuite hostname="Musharraf-Home-PC" failures="0" tests="2" name="qaclickacademy.RestAPITest" time="0.007" errors="0" timestamp="2021-06-06T13:38:36 EDT" skipped="0">
  <testcase classname="qaclickacademy.RestAPITest" name="DeleteTwitter" time="0.001"/>
  <system-out/>
  <testcase classname="qaclickacademy.RestAPITest" name="PostJira" time="0.006"/>
  <system-out/>
</testsuite> <!-- qaclickacademy.RestAPITest -->
