<?xml version="1.0" encoding="UTF-8"?>
<!-- Generated by org.testng.reporters.JUnitReportReporter -->
<testsuite hostname="Musharraf-Home-PC" failures="0" tests="2" name="qaclickacademy.RestAPITest" time="0.001" errors="0" timestamp="2021-06-06T23:17:32 EDT" skipped="0">
  <testcase classname="qaclickacademy.RestAPITest" name="PostJira" time="0.001"/>
  <system-out/>
  <testcase classname="qaclickacademy.RestAPITest" name="DeleteTwitter" time="0.000"/>
  <system-out/>
</testsuite> <!-- qaclickacademy.RestAPITest -->
